  bysiid7syus.cpp
C:\Program Files (x86)\Microsoft SDKs\Windows\v7.1A\include\basetsd.h(114): warning C4668: '__midl' is not defined as a preprocessor macro, replacing with '0' for '#if/#elif'
C:\Program Files (x86)\Microsoft SDKs\Windows\v7.1A\include\winnt.h(8154): warning C4820: '_SECURITY_QUALITY_OF_SERVICE': '2' bytes padding added after data member '_SECURITY_QUALITY_OF_SERVICE::EffectiveOnly'
C:\Program Files (x86)\Microsoft SDKs\Windows\v7.1A\include\winnt.h(8165): warning C4820: '_SE_IMPERSONATION_STATE': '2' bytes padding added after data member '_SE_IMPERSONATION_STATE::EffectiveOnly'
C:\Program Files (x86)\Microsoft SDKs\Windows\v7.1A\include\winnt.h(8334): warning C4820: '_QUOTA_LIMITS': '4' bytes padding added after data member '_QUOTA_LIMITS::PagefileLimit'
C:\Program Files (x86)\Microsoft SDKs\Windows\v7.1A\include\winnt.h(8357): warning C4820: '_QUOTA_LIMITS_EX': '4' bytes padding added after data member '_QUOTA_LIMITS_EX::PagefileLimit'
C:\Program Files (x86)\Microsoft SDKs\Windows\v7.1A\include\winnt.h(8405): warning C4820: '_JOBOBJECT_BASIC_LIMIT_INFORMATION': '4' bytes padding added after data member '_JOBOBJECT_BASIC_LIMIT_INFORMATION::SchedulingClass'
C:\Program Files (x86)\Microsoft SDKs\Windows\v7.1A\include\winnt.h(8984): warning C4820: '_FILE_NOTIFY_INFORMATION': '2' bytes padding added after data member '_FILE_NOTIFY_INFORMATION::FileName'
C:\Program Files (x86)\Microsoft SDKs\Windows\v7.1A\include\winnt.h(9012): warning C4820: '_REPARSE_GUID_DATA_BUFFER': '3' bytes padding added after data member '_REPARSE_GUID_DATA_BUFFER::GenericReparseBuffer'
C:\Program Files (x86)\Microsoft SDKs\Windows\v7.1A\include\winnt.h(10131): warning C4820: '<unnamed-tag>': '3' bytes padding added after data member '<unnamed-tag>::Data'
C:\Program Files (x86)\Microsoft SDKs\Windows\v7.1A\include\winnt.h(10241): warning C4820: '<unnamed-tag>': '4' bytes padding added after data member '<unnamed-tag>::DecreaseTime'
C:\Program Files (x86)\Microsoft SDKs\Windows\v7.1A\include\winnt.h(10262): warning C4820: '<unnamed-tag>': '4' bytes padding added after data member '<unnamed-tag>::TimerInterval'
C:\Program Files (x86)\Microsoft SDKs\Windows\v7.1A\include\winnt.h(10307): warning C4820: '<unnamed-tag>': '4' bytes padding added after data member '<unnamed-tag>::InvalidBucketIndex'
C:\Program Files (x86)\Microsoft SDKs\Windows\v7.1A\include\winnt.h(10315): warning C4820: '<unnamed-tag>': '4' bytes padding added after data member '<unnamed-tag>::ResetCount'
C:\Program Files (x86)\Microsoft SDKs\Windows\v7.1A\include\winnt.h(10330): warning C4820: '<unnamed-tag>': '4' bytes padding added after data member '<unnamed-tag>::Count'
C:\Program Files (x86)\Microsoft SDKs\Windows\v7.1A\include\winnt.h(10339): warning C4820: '<unnamed-tag>': '4' bytes padding added after data member '<unnamed-tag>::MaxTimeUs'
C:\Program Files (x86)\Microsoft SDKs\Windows\v7.1A\include\winnt.h(10346): warning C4820: '<unnamed-tag>': '4' bytes padding added after data member '<unnamed-tag>::ResetCount'
C:\Program Files (x86)\Microsoft SDKs\Windows\v7.1A\include\winnt.h(10443): warning C4820: '<unnamed-tag>': '4' bytes padding added after data member '<unnamed-tag>::Speed'
C:\Program Files (x86)\Microsoft SDKs\Windows\v7.1A\include\winnt.h(10454): warning C4820: '<unnamed-tag>': '4' bytes padding added after data member '<unnamed-tag>::ThermalConstraint'
C:\Program Files (x86)\Microsoft SDKs\Windows\v7.1A\include\winnt.h(10462): warning C4820: '<unnamed-tag>': '7' bytes padding added after data member '<unnamed-tag>::Mode'
C:\Program Files (x86)\Microsoft SDKs\Windows\v7.1A\include\winnt.h(10558): warning C4820: '_SYSTEM_POWER_POLICY': '3' bytes padding added after data member '_SYSTEM_POWER_POLICY::VideoDimDisplay'
C:\Program Files (x86)\Microsoft SDKs\Windows\v7.1A\include\winnt.h(12047): warning C4820: '_IMAGE_IMPORT_BY_NAME': '1' bytes padding added after data member '_IMAGE_IMPORT_BY_NAME::Name'
C:\Program Files (x86)\Microsoft SDKs\Windows\v7.1A\include\winnt.h(12237): warning C4820: '_IMAGE_RESOURCE_DIRECTORY_STRING': '1' bytes padding added after data member '_IMAGE_RESOURCE_DIRECTORY_STRING::NameString'
C:\Program Files (x86)\Microsoft SDKs\Windows\v7.1A\include\winnt.h(12450): warning C4820: '_IMAGE_DEBUG_MISC': '3' bytes padding added after data member '_IMAGE_DEBUG_MISC::Data'
C:\Program Files (x86)\Microsoft SDKs\Windows\v7.1A\include\winnt.h(13017): warning C4668: '_DBG_MEMCPY_INLINE_' is not defined as a preprocessor macro, replacing with '0' for '#if/#elif'
C:\Program Files (x86)\Microsoft SDKs\Windows\v7.1A\include\winnt.h(13113): warning C4820: '_MESSAGE_RESOURCE_ENTRY': '1' bytes padding added after data member '_MESSAGE_RESOURCE_ENTRY::Text'
C:\Program Files (x86)\Microsoft SDKs\Windows\v7.1A\include\winnt.h(13569): warning C4820: '_ACTIVATION_CONTEXT_ASSEMBLY_DETAILED_INFORMATION': '4' bytes padding added after data member '_ACTIVATION_CONTEXT_ASSEMBLY_DETAILED_INFORMATION::ulFileCount'
C:\Program Files (x86)\Microsoft SDKs\Windows\v7.1A\include\winnt.h(14043): warning C4820: '_TAPE_ERASE': '3' bytes padding added after data member '_TAPE_ERASE::Immediate'
C:\Program Files (x86)\Microsoft SDKs\Windows\v7.1A\include\winnt.h(14059): warning C4820: '_TAPE_PREPARE': '3' bytes padding added after data member '_TAPE_PREPARE::Immediate'
C:\Program Files (x86)\Microsoft SDKs\Windows\v7.1A\include\winnt.h(14074): warning C4820: '_TAPE_WRITE_MARKS': '3' bytes padding added after data member '_TAPE_WRITE_MARKS::Immediate'
C:\Program Files (x86)\Microsoft SDKs\Windows\v7.1A\include\winnt.h(14110): warning C4820: '_TAPE_SET_POSITION': '7' bytes padding added after data member '_TAPE_SET_POSITION::Immediate'
C:\Program Files (x86)\Microsoft SDKs\Windows\v7.1A\include\winnt.h(14234): warning C4820: '_TAPE_GET_MEDIA_PARAMETERS': '7' bytes padding added after data member '_TAPE_GET_MEDIA_PARAMETERS::WriteProtected'
C:\Program Files (x86)\Microsoft SDKs\Windows\v7.1A\include\ktmtypes.h(138): warning C4820: '_TRANSACTION_NOTIFICATION': '4' bytes padding added after data member '_TRANSACTION_NOTIFICATION::ArgumentLength'
C:\Program Files (x86)\Microsoft SDKs\Windows\v7.1A\include\winnt.h(14498): warning C4820: '_TRANSACTIONMANAGER_LOGPATH_INFORMATION': '2' bytes padding added after data member '_TRANSACTIONMANAGER_LOGPATH_INFORMATION::LogPath'
C:\Program Files (x86)\Microsoft SDKs\Windows\v7.1A\include\winnt.h(14520): warning C4820: '_TRANSACTION_PROPERTIES_INFORMATION': '6' bytes padding added after data member '_TRANSACTION_PROPERTIES_INFORMATION::Description'
C:\Program Files (x86)\Microsoft SDKs\Windows\v7.1A\include\winnt.h(14547): warning C4820: '_RESOURCEMANAGER_BASIC_INFORMATION': '2' bytes padding added after data member '_RESOURCEMANAGER_BASIC_INFORMATION::Description'
C:\Program Files (x86)\Microsoft SDKs\Windows\v7.1A\include\winbase.h(682): warning C4820: '_COMMPROP': '2' bytes padding added after data member '_COMMPROP::wcProvChar'
C:\Program Files (x86)\Microsoft SDKs\Windows\v7.1A\include\winbase.h(768): warning C4820: '_COMMCONFIG': '2' bytes padding added after data member '_COMMCONFIG::wcProviderData'
C:\Program Files (x86)\Microsoft SDKs\Windows\v7.1A\include\winbase.h(977): warning C4820: '_CREATE_PROCESS_DEBUG_INFO': '2' bytes padding added after data member '_CREATE_PROCESS_DEBUG_INFO::fUnicode'
C:\Program Files (x86)\Microsoft SDKs\Windows\v7.1A\include\winbase.h(994): warning C4820: '_LOAD_DLL_DEBUG_INFO': '2' bytes padding added after data member '_LOAD_DLL_DEBUG_INFO::fUnicode'
C:\Program Files (x86)\Microsoft SDKs\Windows\v7.1A\include\winbase.h(5526): warning C4820: '_TIME_DYNAMIC_ZONE_INFORMATION': '3' bytes padding added after data member '_TIME_DYNAMIC_ZONE_INFORMATION::DynamicDaylightTimeDisabled'
C:\Program Files (x86)\Microsoft SDKs\Windows\v7.1A\include\winbase.h(6459): warning C4820: '_WIN32_STREAM_ID': '2' bytes padding added after data member '_WIN32_STREAM_ID::cStreamName'
C:\Program Files (x86)\Microsoft SDKs\Windows\v7.1A\include\winbase.h(6618): warning C4820: '_WIN32_FIND_DATAA': '2' bytes padding added after data member '_WIN32_FIND_DATAA::cAlternateFileName'
C:\Program Files (x86)\Microsoft SDKs\Windows\v7.1A\include\winbase.h(13588): warning C4820: 'tagHW_PROFILE_INFOA': '1' bytes padding added after data member 'tagHW_PROFILE_INFOA::szHwProfileName'
C:\Program Files (x86)\Microsoft SDKs\Windows\v7.1A\include\winbase.h(13593): warning C4820: 'tagHW_PROFILE_INFOW': '2' bytes padding added after data member 'tagHW_PROFILE_INFOW::szHwProfileName'
C:\Program Files (x86)\Microsoft SDKs\Windows\v7.1A\include\winbase.h(14754): warning C4820: '_FILE_BASIC_INFO': '4' bytes padding added after data member '_FILE_BASIC_INFO::FileAttributes'
C:\Program Files (x86)\Microsoft SDKs\Windows\v7.1A\include\winbase.h(14762): warning C4820: '_FILE_STANDARD_INFO': '2' bytes padding added after data member '_FILE_STANDARD_INFO::Directory'
C:\Program Files (x86)\Microsoft SDKs\Windows\v7.1A\include\winbase.h(14767): warning C4820: '_FILE_NAME_INFO': '2' bytes padding added after data member '_FILE_NAME_INFO::FileName'
C:\Program Files (x86)\Microsoft SDKs\Windows\v7.1A\include\winbase.h(14771): warning C4820: '_FILE_RENAME_INFO': '3' bytes padding added after data member '_FILE_RENAME_INFO::ReplaceIfExists'
C:\Program Files (x86)\Microsoft SDKs\Windows\v7.1A\include\winbase.h(14774): warning C4820: '_FILE_RENAME_INFO': '2' bytes padding added after data member '_FILE_RENAME_INFO::FileName'
C:\Program Files (x86)\Microsoft SDKs\Windows\v7.1A\include\winbase.h(14790): warning C4820: '_FILE_STREAM_INFO': '6' bytes padding added after data member '_FILE_STREAM_INFO::StreamName'
C:\Program Files (x86)\Microsoft SDKs\Windows\v7.1A\include\winbase.h(14823): warning C4820: '_FILE_ID_BOTH_DIR_INFO': '1' bytes padding added after data member '_FILE_ID_BOTH_DIR_INFO::ShortNameLength'
C:\Program Files (x86)\Microsoft SDKs\Windows\v7.1A\include\winbase.h(14824): warning C4820: '_FILE_ID_BOTH_DIR_INFO': '2' bytes padding added after data member '_FILE_ID_BOTH_DIR_INFO::ShortName'
C:\Program Files (x86)\Microsoft SDKs\Windows\v7.1A\include\winbase.h(14826): warning C4820: '_FILE_ID_BOTH_DIR_INFO': '6' bytes padding added after data member '_FILE_ID_BOTH_DIR_INFO::FileName'
C:\Program Files (x86)\Microsoft SDKs\Windows\v7.1A\include\wingdi.h(806): warning C4820: 'tagBITMAPCOREINFO': '1' bytes padding added after data member 'tagBITMAPCOREINFO::bmciColors'
C:\Program Files (x86)\Microsoft SDKs\Windows\v7.1A\include\wingdi.h(981): warning C4820: 'tagTEXTMETRICA': '3' bytes padding added after data member 'tagTEXTMETRICA::tmCharSet'
C:\Program Files (x86)\Microsoft SDKs\Windows\v7.1A\include\wingdi.h(1004): warning C4820: 'tagTEXTMETRICW': '3' bytes padding added after data member 'tagTEXTMETRICW::tmCharSet'
C:\Program Files (x86)\Microsoft SDKs\Windows\v7.1A\include\wingdi.h(1056): warning C4820: 'tagNEWTEXTMETRICA': '3' bytes padding added after data member 'tagNEWTEXTMETRICA::tmCharSet'
C:\Program Files (x86)\Microsoft SDKs\Windows\v7.1A\include\wingdi.h(1083): warning C4820: 'tagNEWTEXTMETRICW': '3' bytes padding added after data member 'tagNEWTEXTMETRICW::tmCharSet'
C:\Program Files (x86)\Microsoft SDKs\Windows\v7.1A\include\wingdi.h(1130): warning C4820: 'tagPELARRAY': '3' bytes padding added after data member 'tagPELARRAY::paRGBs'
C:\Program Files (x86)\Microsoft SDKs\Windows\v7.1A\include\wingdi.h(1562): warning C4820: 'tagEXTLOGFONTA': '2' bytes padding added after data member 'tagEXTLOGFONTA::elfPanose'
C:\Program Files (x86)\Microsoft SDKs\Windows\v7.1A\include\wingdi.h(1574): warning C4820: 'tagEXTLOGFONTW': '2' bytes padding added after data member 'tagEXTLOGFONTW::elfPanose'
C:\Program Files (x86)\Microsoft SDKs\Windows\v7.1A\include\wingdi.h(2747): warning C4820: 'DISPLAYCONFIG_TARGET_PREFERRED_MODE': '4' bytes padding added after data member 'DISPLAYCONFIG_TARGET_PREFERRED_MODE::height'
C:\Program Files (x86)\Microsoft SDKs\Windows\v7.1A\include\wingdi.h(2817): warning C4820: '_RGNDATA': '3' bytes padding added after data member '_RGNDATA::Buffer'
C:\Program Files (x86)\Microsoft SDKs\Windows\v7.1A\include\wingdi.h(2846): warning C4820: '_OUTLINETEXTMETRICA': '1' bytes padding added after data member '_OUTLINETEXTMETRICA::otmPanoseNumber'
C:\Program Files (x86)\Microsoft SDKs\Windows\v7.1A\include\wingdi.h(2880): warning C4820: '_OUTLINETEXTMETRICW': '1' bytes padding added after data member '_OUTLINETEXTMETRICW::otmPanoseNumber'
C:\Program Files (x86)\Microsoft SDKs\Windows\v7.1A\include\wingdi.h(4979): warning C4820: 'tagEMRGDICOMMENT': '3' bytes padding added after data member 'tagEMRGDICOMMENT::Data'
C:\Program Files (x86)\Microsoft SDKs\Windows\v7.1A\include\wingdi.h(5138): warning C4820: 'tagEMRPOLYDRAW': '3' bytes padding added after data member 'tagEMRPOLYDRAW::abTypes'
C:\Program Files (x86)\Microsoft SDKs\Windows\v7.1A\include\wingdi.h(5147): warning C4820: 'tagEMRPOLYDRAW16': '3' bytes padding added after data member 'tagEMRPOLYDRAW16::abTypes'
C:\Program Files (x86)\Microsoft SDKs\Windows\v7.1A\include\wingdi.h(5177): warning C4820: 'tagEMRINVERTRGN': '3' bytes padding added after data member 'tagEMRINVERTRGN::RgnData'
C:\Program Files (x86)\Microsoft SDKs\Windows\v7.1A\include\wingdi.h(5187): warning C4820: 'tagEMRFILLRGN': '3' bytes padding added after data member 'tagEMRFILLRGN::RgnData'
C:\Program Files (x86)\Microsoft SDKs\Windows\v7.1A\include\wingdi.h(5197): warning C4820: 'tagEMRFRAMERGN': '3' bytes padding added after data member 'tagEMRFRAMERGN::RgnData'
C:\Program Files (x86)\Microsoft SDKs\Windows\v7.1A\include\wingdi.h(5205): warning C4820: 'tagEMREXTSELECTCLIPRGN': '3' bytes padding added after data member 'tagEMREXTSELECTCLIPRGN::RgnData'
C:\Program Files (x86)\Microsoft SDKs\Windows\v7.1A\include\wingdi.h(5452): warning C4820: 'tagEMRGLSRECORD': '3' bytes padding added after data member 'tagEMRGLSRECORD::Data'
C:\Program Files (x86)\Microsoft SDKs\Windows\v7.1A\include\wingdi.h(5460): warning C4820: 'tagEMRGLSBOUNDEDRECORD': '3' bytes padding added after data member 'tagEMRGLSBOUNDEDRECORD::Data'
C:\Program Files (x86)\Microsoft SDKs\Windows\v7.1A\include\wingdi.h(5493): warning C4820: 'tagEMREXTESCAPE': '3' bytes padding added after data member 'tagEMREXTESCAPE::EscData'
C:\Program Files (x86)\Microsoft SDKs\Windows\v7.1A\include\wingdi.h(5503): warning C4820: 'tagEMRNAMEDESCAPE': '3' bytes padding added after data member 'tagEMRNAMEDESCAPE::EscData'
C:\Program Files (x86)\Microsoft SDKs\Windows\v7.1A\include\wingdi.h(5514): warning C4820: 'tagEMRSETICMPROFILE': '3' bytes padding added after data member 'tagEMRSETICMPROFILE::Data'
C:\Program Files (x86)\Microsoft SDKs\Windows\v7.1A\include\wingdi.h(5528): warning C4820: 'tagEMRCREATECOLORSPACEW': '3' bytes padding added after data member 'tagEMRCREATECOLORSPACEW::Data'
C:\Program Files (x86)\Microsoft SDKs\Windows\v7.1A\include\wingdi.h(5540): warning C4820: 'tagCOLORMATCHTOTARGET': '3' bytes padding added after data member 'tagCOLORMATCHTOTARGET::Data'
C:\Program Files (x86)\Microsoft SDKs\Windows\v7.1A\include\winuser.h(2084): warning C4820: '<unnamed-tag>': '3' bytes padding added after data member '<unnamed-tag>::Data'
C:\Program Files (x86)\Microsoft SDKs\Windows\v7.1A\include\winuser.h(2798): warning C4820: 'tagACCEL': '1' bytes padding added after data member 'tagACCEL::fVirt'
C:\Program Files (x86)\Microsoft SDKs\Windows\v7.1A\include\winuser.h(8982): warning C4820: 'tagCURSORSHAPE': '2' bytes padding added after data member 'tagCURSORSHAPE::BitsPixel'
C:\Program Files (x86)\Microsoft SDKs\Windows\v7.1A\include\winuser.h(9093): warning C4820: '_ICONINFOEXA': '2' bytes padding added after data member '_ICONINFOEXA::szResName'
C:\Program Files (x86)\Microsoft SDKs\Windows\v7.1A\include\winuser.h(9104): warning C4820: '_ICONINFOEXW': '2' bytes padding added after data member '_ICONINFOEXW::szResName'
C:\Program Files (x86)\Microsoft SDKs\Windows\v7.1A\include\winuser.h(9770): warning C4668: '_WIN32_WCE' is not defined as a preprocessor macro, replacing with '0' for '#if/#elif'
C:\Program Files (x86)\Microsoft SDKs\Windows\v7.1A\include\winuser.h(9877): warning C4668: '_WIN32_WCE' is not defined as a preprocessor macro, replacing with '0' for '#if/#elif'
C:\Program Files (x86)\Microsoft SDKs\Windows\v7.1A\include\winuser.h(10015): warning C4668: '_WIN32_WCE' is not defined as a preprocessor macro, replacing with '0' for '#if/#elif'
C:\Program Files (x86)\Microsoft SDKs\Windows\v7.1A\include\winuser.h(10316): warning C4820: 'tagMULTIKEYHELPA': '2' bytes padding added after data member 'tagMULTIKEYHELPA::szKeyphrase'
C:\Program Files (x86)\Microsoft SDKs\Windows\v7.1A\include\winuser.h(10344): warning C4820: 'tagHELPWININFOA': '2' bytes padding added after data member 'tagHELPWININFOA::rgchMember'
C:\Program Files (x86)\Microsoft SDKs\Windows\v7.1A\include\winuser.h(12506): warning C4820: 'tagRAWMOUSE': '2' bytes padding added after data member 'tagRAWMOUSE::usFlags'
C:\Program Files (x86)\Microsoft SDKs\Windows\v7.1A\include\winuser.h(12627): warning C4820: 'tagRAWHID': '3' bytes padding added after data member 'tagRAWHID::bRawData'
C:\Program Files (x86)\Microsoft SDKs\Windows\v7.1A\include\winuser.h(12927): warning C4820: 'tagGESTUREINFO': '4' bytes padding added after data member 'tagGESTUREINFO::dwSequenceID'
C:\Program Files (x86)\Microsoft SDKs\Windows\v7.1A\include\winuser.h(12929): warning C4820: 'tagGESTUREINFO': '4' bytes padding added after data member 'tagGESTUREINFO::cbExtraArgs'
C:\Program Files (x86)\Microsoft SDKs\Windows\v7.1A\include\winnls.h(938): warning C4820: '_cpinfo': '2' bytes padding added after data member '_cpinfo::LeadByte'
C:\Program Files (x86)\Microsoft SDKs\Windows\v7.1A\include\wincon.h(128): warning C4820: '_INPUT_RECORD': '2' bytes padding added after data member '_INPUT_RECORD::EventType'
C:\Program Files (x86)\Microsoft SDKs\Windows\v7.1A\include\winnetwk.h(662): warning C4820: '_NETINFOSTRUCT': '2' bytes padding added after data member '_NETINFOSTRUCT::wNetType'
C:\Program Files (x86)\Microsoft SDKs\Windows\v7.1A\include\dde.h(102): warning C4820: '<unnamed-tag>': '1' bytes padding added after data member '<unnamed-tag>::Value'
C:\Program Files (x86)\Microsoft SDKs\Windows\v7.1A\include\dde.h(127): warning C4820: '<unnamed-tag>': '1' bytes padding added after data member '<unnamed-tag>::Value'
C:\Program Files (x86)\Microsoft SDKs\Windows\v7.1A\include\dde.h(163): warning C4820: '<unnamed-tag>': '1' bytes padding added after data member '<unnamed-tag>::rgb'
C:\Program Files (x86)\Microsoft SDKs\Windows\v7.1A\include\ddeml.h(574): warning C4820: 'tagMONHSZSTRUCTA': '3' bytes padding added after data member 'tagMONHSZSTRUCTA::str'
C:\Program Files (x86)\Microsoft SDKs\Windows\v7.1A\include\ddeml.h(582): warning C4820: 'tagMONHSZSTRUCTW': '2' bytes padding added after data member 'tagMONHSZSTRUCTW::str'
C:\Program Files (x86)\Microsoft SDKs\Windows\v7.1A\include\rpcdce.h(1358): warning C4668: 'WINXP' is not defined as a preprocessor macro, replacing with '0' for '#if/#elif'
C:\Program Files (x86)\Microsoft SDKs\Windows\v7.1A\include\rpcdce.h(1624): warning C4668: 'WINXP' is not defined as a preprocessor macro, replacing with '0' for '#if/#elif'
C:\Program Files (x86)\Microsoft SDKs\Windows\v7.1A\include\rpcdce.h(2190): warning C4820: '<unnamed-tag>': '2' bytes padding added after data member '<unnamed-tag>::Privilege'
C:\Program Files (x86)\Microsoft SDKs\Windows\v7.1A\include\rpcdcep.h(418): warning C4668: 'WINXP' is not defined as a preprocessor macro, replacing with '0' for '#if/#elif'
C:\Program Files (x86)\Microsoft SDKs\Windows\v7.1A\include\rpcdcep.h(705): warning C4668: 'WINXP' is not defined as a preprocessor macro, replacing with '0' for '#if/#elif'
C:\Program Files (x86)\Microsoft SDKs\Windows\v7.1A\include\rpcdcep.h(891): warning C4820: '_RDR_CALLOUT_STATE': '1' bytes padding added after data member '_RDR_CALLOUT_STATE::InterfacePresent'
C:\Program Files (x86)\Microsoft SDKs\Windows\v7.1A\include\rpcasync.h(241): warning C4820: 'tagBinaryParam': '2' bytes padding added after data member 'tagBinaryParam::Size'
C:\Program Files (x86)\Microsoft SDKs\Windows\v7.1A\include\rpcasync.h(254): warning C4820: 'tagRPC_EE_INFO_PARAM': '4' bytes padding added after data member 'tagRPC_EE_INFO_PARAM::ParameterType'
C:\Program Files (x86)\Microsoft SDKs\Windows\v7.1A\include\rpcasync.h(285): warning C4820: 'tagRPC_EXTENDED_ERROR_INFO': '4' bytes padding added after data member 'tagRPC_EXTENDED_ERROR_INFO::NumberOfParameters'
C:\Program Files (x86)\Microsoft SDKs\Windows\v7.1A\include\rpcasync.h(512): warning C4820: 'tagRPC_CALL_ATTRIBUTES_V2_W': '2' bytes padding added after data member 'tagRPC_CALL_ATTRIBUTES_V2_W::OpNum'
C:\Program Files (x86)\Microsoft SDKs\Windows\v7.1A\include\rpcasync.h(534): warning C4820: 'tagRPC_CALL_ATTRIBUTES_V2_A': '2' bytes padding added after data member 'tagRPC_CALL_ATTRIBUTES_V2_A::OpNum'
C:\Program Files (x86)\Microsoft SDKs\Windows\v7.1A\include\rpcasync.h(659): warning C4668: 'NTDDI_WXP' is not defined as a preprocessor macro, replacing with '0' for '#if/#elif'
C:\Program Files (x86)\Microsoft SDKs\Windows\v7.1A\include\shellapi.h(1133): warning C4668: 'NTDDI_XPSP2' is not defined as a preprocessor macro, replacing with '0' for '#if/#elif'
C:\Program Files (x86)\Microsoft SDKs\Windows\v7.1A\include\shellapi.h(1679): warning C4820: 'tagNC_ADDRESS': '1' bytes padding added after data member 'tagNC_ADDRESS::PrefixLength'
C:\Program Files (x86)\Microsoft SDKs\Windows\v7.1A\include\winperf.h(76): warning C4820: '_PERF_DATA_BLOCK': '4' bytes padding added after data member '_PERF_DATA_BLOCK::SystemTime'
C:\Program Files (x86)\Microsoft SDKs\Windows\v7.1A\include\winperf.h(653): warning C4668: '_WIN32_WINDOWS' is not defined as a preprocessor macro, replacing with '0' for '#if/#elif'
C:\Program Files (x86)\Microsoft SDKs\Windows\v7.1A\include\winsock.h(184): warning C4820: 'netent': '2' bytes padding added after data member 'netent::n_addrtype'
C:\Program Files (x86)\Microsoft SDKs\Windows\v7.1A\include\winsock.h(195): warning C4820: 'servent': '2' bytes padding added after data member 'servent::s_port'
C:\Program Files (x86)\Microsoft SDKs\Windows\v7.1A\include\winsock.h(203): warning C4820: 'protoent': '2' bytes padding added after data member 'protoent::p_proto'
C:\Program Files (x86)\Microsoft SDKs\Windows\v7.1A\include\winsock.h(336): warning C4820: 'WSAData': '2' bytes padding added after data member 'WSAData::iMaxUdpDg'
C:\Program Files (x86)\Microsoft SDKs\Windows\v7.1A\include\wincrypt.h(74): warning C4668: 'NTDDI_WINLH' is not defined as a preprocessor macro, replacing with '0' for '#if/#elif'
C:\Program Files (x86)\Microsoft SDKs\Windows\v7.1A\include\wincrypt.h(146): warning C4668: 'NTDDI_WINLH' is not defined as a preprocessor macro, replacing with '0' for '#if/#elif'
C:\Program Files (x86)\Microsoft SDKs\Windows\v7.1A\include\wincrypt.h(192): warning C4668: 'NTDDI_WINLH' is not defined as a preprocessor macro, replacing with '0' for '#if/#elif'
C:\Program Files (x86)\Microsoft SDKs\Windows\v7.1A\include\wincrypt.h(226): warning C4668: 'NTDDI_WINLH' is not defined as a preprocessor macro, replacing with '0' for '#if/#elif'
C:\Program Files (x86)\Microsoft SDKs\Windows\v7.1A\include\wincrypt.h(292): warning C4668: 'NTDDI_WINLH' is not defined as a preprocessor macro, replacing with '0' for '#if/#elif'
C:\Program Files (x86)\Microsoft SDKs\Windows\v7.1A\include\wincrypt.h(329): warning C4668: 'NTDDI_WINLH' is not defined as a preprocessor macro, replacing with '0' for '#if/#elif'
C:\Program Files (x86)\Microsoft SDKs\Windows\v7.1A\include\wincrypt.h(352): warning C4668: 'NTDDI_WINLH' is not defined as a preprocessor macro, replacing with '0' for '#if/#elif'
C:\Program Files (x86)\Microsoft SDKs\Windows\v7.1A\include\wincrypt.h(549): warning C4668: 'NTDDI_WINLH' is not defined as a preprocessor macro, replacing with '0' for '#if/#elif'
C:\Program Files (x86)\Microsoft SDKs\Windows\v7.1A\include\wincrypt.h(593): warning C4668: 'NTDDI_WINLH' is not defined as a preprocessor macro, replacing with '0' for '#if/#elif'
C:\Program Files (x86)\Microsoft SDKs\Windows\v7.1A\include\wincrypt.h(959): warning C4668: 'NTDDI_WINLH' is not defined as a preprocessor macro, replacing with '0' for '#if/#elif'
C:\Program Files (x86)\Microsoft SDKs\Windows\v7.1A\include\wincrypt.h(1012): warning C4668: 'NTDDI_WINLH' is not defined as a preprocessor macro, replacing with '0' for '#if/#elif'
C:\Program Files (x86)\Microsoft SDKs\Windows\v7.1A\include\wincrypt.h(1040): warning C4668: 'NTDDI_WINLH' is not defined as a preprocessor macro, replacing with '0' for '#if/#elif'
C:\Program Files (x86)\Microsoft SDKs\Windows\v7.1A\include\wincrypt.h(1086): warning C4668: 'NTDDI_WINLH' is not defined as a preprocessor macro, replacing with '0' for '#if/#elif'
C:\Program Files (x86)\Microsoft SDKs\Windows\v7.1A\include\wincrypt.h(1352): warning C4668: 'NTDDI_WINLH' is not defined as a preprocessor macro, replacing with '0' for '#if/#elif'
C:\Program Files (x86)\Microsoft SDKs\Windows\v7.1A\include\wincrypt.h(1382): warning C4668: 'NTDDI_WINLH' is not defined as a preprocessor macro, replacing with '0' for '#if/#elif'
C:\Program Files (x86)\Microsoft SDKs\Windows\v7.1A\include\wincrypt.h(1432): warning C4668: 'NTDDI_WINLH' is not defined as a preprocessor macro, replacing with '0' for '#if/#elif'
C:\Program Files (x86)\Microsoft SDKs\Windows\v7.1A\include\wincrypt.h(1440): warning C4668: 'NTDDI_WINLH' is not defined as a preprocessor macro, replacing with '0' for '#if/#elif'
C:\Program Files (x86)\Microsoft SDKs\Windows\v7.1A\include\wincrypt.h(1470): warning C4668: 'NTDDI_WINLH' is not defined as a preprocessor macro, replacing with '0' for '#if/#elif'
C:\Program Files (x86)\Microsoft SDKs\Windows\v7.1A\include\wincrypt.h(1520): warning C4668: 'NTDDI_WINLH' is not defined as a preprocessor macro, replacing with '0' for '#if/#elif'
C:\Program Files (x86)\Microsoft SDKs\Windows\v7.1A\include\wincrypt.h(1528): warning C4668: 'NTDDI_WINLH' is not defined as a preprocessor macro, replacing with '0' for '#if/#elif'
C:\Program Files (x86)\Microsoft SDKs\Windows\v7.1A\include\wincrypt.h(1550): warning C4668: 'NTDDI_WINLH' is not defined as a preprocessor macro, replacing with '0' for '#if/#elif'
C:\Program Files (x86)\Microsoft SDKs\Windows\v7.1A\include\wincrypt.h(1572): warning C4668: 'NTDDI_WINLH' is not defined as a preprocessor macro, replacing with '0' for '#if/#elif'
C:\Program Files (x86)\Microsoft SDKs\Windows\v7.1A\include\wincrypt.h(1598): warning C4668: 'NTDDI_WINLH' is not defined as a preprocessor macro, replacing with '0' for '#if/#elif'
C:\Program Files (x86)\Microsoft SDKs\Windows\v7.1A\include\wincrypt.h(1624): warning C4668: 'NTDDI_WINLH' is not defined as a preprocessor macro, replacing with '0' for '#if/#elif'
C:\Program Files (x86)\Microsoft SDKs\Windows\v7.1A\include\wincrypt.h(1652): warning C4668: 'NTDDI_WINLH' is not defined as a preprocessor macro, replacing with '0' for '#if/#elif'
C:\Program Files (x86)\Microsoft SDKs\Windows\v7.1A\include\wincrypt.h(1680): warning C4668: 'NTDDI_WINLH' is not defined as a preprocessor macro, replacing with '0' for '#if/#elif'
C:\Program Files (x86)\Microsoft SDKs\Windows\v7.1A\include\wincrypt.h(1710): warning C4668: 'NTDDI_WINLH' is not defined as a preprocessor macro, replacing with '0' for '#if/#elif'
C:\Program Files (x86)\Microsoft SDKs\Windows\v7.1A\include\wincrypt.h(1760): warning C4668: 'NTDDI_WINLH' is not defined as a preprocessor macro, replacing with '0' for '#if/#elif'
C:\Program Files (x86)\Microsoft SDKs\Windows\v7.1A\include\wincrypt.h(1768): warning C4668: 'NTDDI_WINLH' is not defined as a preprocessor macro, replacing with '0' for '#if/#elif'
C:\Program Files (x86)\Microsoft SDKs\Windows\v7.1A\include\wincrypt.h(1798): warning C4668: 'NTDDI_WINLH' is not defined as a preprocessor macro, replacing with '0' for '#if/#elif'
C:\Program Files (x86)\Microsoft SDKs\Windows\v7.1A\include\wincrypt.h(1848): warning C4668: 'NTDDI_WINLH' is not defined as a preprocessor macro, replacing with '0' for '#if/#elif'
C:\Program Files (x86)\Microsoft SDKs\Windows\v7.1A\include\bcrypt.h(167): warning C4820: '_BCRYPT_AUTHENTICATED_CIPHER_MODE_INFO': '4' bytes padding added after data member '_BCRYPT_AUTHENTICATED_CIPHER_MODE_INFO::cbAAD'
C:\Program Files (x86)\Microsoft SDKs\Windows\v7.1A\include\bcrypt.h(169): warning C4820: '_BCRYPT_AUTHENTICATED_CIPHER_MODE_INFO': '4' bytes padding added after data member '_BCRYPT_AUTHENTICATED_CIPHER_MODE_INFO::dwFlags'
C:\Program Files (x86)\Microsoft SDKs\Windows\v7.1A\include\wincrypt.h(13731): warning C4668: 'NTDDI_WINLH' is not defined as a preprocessor macro, replacing with '0' for '#if/#elif'
C:\Program Files (x86)\Microsoft SDKs\Windows\v7.1A\include\wincrypt.h(14276): warning C4668: 'NTDDI_WINLH' is not defined as a preprocessor macro, replacing with '0' for '#if/#elif'
C:\Program Files (x86)\Microsoft SDKs\Windows\v7.1A\include\wincrypt.h(17173): warning C4668: 'NTDDI_WINLH' is not defined as a preprocessor macro, replacing with '0' for '#if/#elif'
C:\Program Files (x86)\Microsoft SDKs\Windows\v7.1A\include\wincrypt.h(19216): warning C4668: 'NTDDI_WINLH' is not defined as a preprocessor macro, replacing with '0' for '#if/#elif'
C:\Program Files (x86)\Microsoft SDKs\Windows\v7.1A\include\wtypes.h(84): warning C4820: 'tagRemHGLOBAL': '3' bytes padding added after data member 'tagRemHGLOBAL::data'
C:\Program Files (x86)\Microsoft SDKs\Windows\v7.1A\include\wtypes.h(93): warning C4820: 'tagRemHMETAFILEPICT': '3' bytes padding added after data member 'tagRemHMETAFILEPICT::data'
C:\Program Files (x86)\Microsoft SDKs\Windows\v7.1A\include\wtypes.h(99): warning C4820: 'tagRemHENHMETAFILE': '3' bytes padding added after data member 'tagRemHENHMETAFILE::data'
C:\Program Files (x86)\Microsoft SDKs\Windows\v7.1A\include\wtypes.h(105): warning C4820: 'tagRemHBITMAP': '3' bytes padding added after data member 'tagRemHBITMAP::data'
C:\Program Files (x86)\Microsoft SDKs\Windows\v7.1A\include\wtypes.h(111): warning C4820: 'tagRemHPALETTE': '3' bytes padding added after data member 'tagRemHPALETTE::data'
C:\Program Files (x86)\Microsoft SDKs\Windows\v7.1A\include\wtypes.h(117): warning C4820: 'tagRemBRUSH': '3' bytes padding added after data member 'tagRemBRUSH::data'
C:\Program Files (x86)\Microsoft SDKs\Windows\v7.1A\include\wtypes.h(704): warning C4820: '_BYTE_BLOB': '3' bytes padding added after data member '_BYTE_BLOB::abData'
C:\Program Files (x86)\Microsoft SDKs\Windows\v7.1A\include\wtypes.h(712): warning C4820: '_WORD_BLOB': '2' bytes padding added after data member '_WORD_BLOB::asData'
C:\Program Files (x86)\Microsoft SDKs\Windows\v7.1A\include\wtypes.h(729): warning C4820: '_FLAGGED_BYTE_BLOB': '3' bytes padding added after data member '_FLAGGED_BYTE_BLOB::abData'
C:\Program Files (x86)\Microsoft SDKs\Windows\v7.1A\include\wtypes.h(738): warning C4820: '_FLAGGED_WORD_BLOB': '2' bytes padding added after data member '_FLAGGED_WORD_BLOB::asData'
C:\Program Files (x86)\Microsoft SDKs\Windows\v7.1A\include\wtypes.h(804): warning C4820: '_userHGLOBAL': '4' bytes padding added after data member '_userHGLOBAL::fContext'
C:\Program Files (x86)\Microsoft SDKs\Windows\v7.1A\include\wtypes.h(817): warning C4820: '_userHMETAFILE': '4' bytes padding added after data member '_userHMETAFILE::fContext'
C:\Program Files (x86)\Microsoft SDKs\Windows\v7.1A\include\wtypes.h(836): warning C4820: '_userHMETAFILEPICT': '4' bytes padding added after data member '_userHMETAFILEPICT::fContext'
C:\Program Files (x86)\Microsoft SDKs\Windows\v7.1A\include\wtypes.h(847): warning C4820: '_userHENHMETAFILE': '4' bytes padding added after data member '_userHENHMETAFILE::fContext'
C:\Program Files (x86)\Microsoft SDKs\Windows\v7.1A\include\wtypes.h(860): warning C4820: '_userBITMAP': '3' bytes padding added after data member '_userBITMAP::pBuffer'
C:\Program Files (x86)\Microsoft SDKs\Windows\v7.1A\include\wtypes.h(870): warning C4820: '_userHBITMAP': '4' bytes padding added after data member '_userHBITMAP::fContext'
C:\Program Files (x86)\Microsoft SDKs\Windows\v7.1A\include\wtypes.h(881): warning C4820: '_userHPALETTE': '4' bytes padding added after data member '_userHPALETTE::fContext'
C:\Program Files (x86)\Microsoft SDKs\Windows\v7.1A\include\winioctl.h(419): warning C4820: '_TAPE_STATISTICS': '6' bytes padding added after data member '_TAPE_STATISTICS::CompressionRatioWrites'
C:\Program Files (x86)\Microsoft SDKs\Windows\v7.1A\include\winioctl.h(613): warning C4820: '_DEVICE_MEDIA_INFO::<unnamed-tag>': '2' bytes padding added after data member '_DEVICE_MEDIA_INFO::<unnamed-tag>::BusSpecificData'
C:\Program Files (x86)\Microsoft SDKs\Windows\v7.1A\include\winioctl.h(717): warning C4820: '_STORAGE_PROPERTY_QUERY': '3' bytes padding added after data member '_STORAGE_PROPERTY_QUERY::AdditionalParameters'
C:\Program Files (x86)\Microsoft SDKs\Windows\v7.1A\include\winioctl.h(832): warning C4820: '_STORAGE_DEVICE_DESCRIPTOR': '3' bytes padding added after data member '_STORAGE_DEVICE_DESCRIPTOR::RawDeviceProperties'
C:\Program Files (x86)\Microsoft SDKs\Windows\v7.1A\include\winioctl.h(869): warning C4820: '_STORAGE_ADAPTER_DESCRIPTOR': '1' bytes padding added after data member '_STORAGE_ADAPTER_DESCRIPTOR::BusType'
C:\Program Files (x86)\Microsoft SDKs\Windows\v7.1A\include\winioctl.h(873): warning C4820: '_STORAGE_ADAPTER_DESCRIPTOR': '2' bytes padding added after data member '_STORAGE_ADAPTER_DESCRIPTOR::BusMinorVersion'
C:\Program Files (x86)\Microsoft SDKs\Windows\v7.1A\include\winioctl.h(943): warning C4820: '_STORAGE_MINIPORT_DESCRIPTOR': '2' bytes padding added after data member '_STORAGE_MINIPORT_DESCRIPTOR::TargetResetSupported'
C:\Program Files (x86)\Microsoft SDKs\Windows\v7.1A\include\winioctl.h(1004): warning C4820: '_STORAGE_IDENTIFIER': '3' bytes padding added after data member '_STORAGE_IDENTIFIER::Identifier'
C:\Program Files (x86)\Microsoft SDKs\Windows\v7.1A\include\winioctl.h(1025): warning C4820: '_STORAGE_DEVICE_ID_DESCRIPTOR': '3' bytes padding added after data member '_STORAGE_DEVICE_ID_DESCRIPTOR::Identifiers'
C:\Program Files (x86)\Microsoft SDKs\Windows\v7.1A\include\winioctl.h(1033): warning C4820: '_DEVICE_SEEK_PENALTY_DESCRIPTOR': '3' bytes padding added after data member '_DEVICE_SEEK_PENALTY_DESCRIPTOR::IncursSeekPenalty'
C:\Program Files (x86)\Microsoft SDKs\Windows\v7.1A\include\winioctl.h(1041): warning C4820: '_DEVICE_WRITE_AGGREGATION_DESCRIPTOR': '3' bytes padding added after data member '_DEVICE_WRITE_AGGREGATION_DESCRIPTOR::BenefitsFromWriteAggregation'
C:\Program Files (x86)\Microsoft SDKs\Windows\v7.1A\include\winioctl.h(1049): warning C4820: '_DEVICE_TRIM_DESCRIPTOR': '3' bytes padding added after data member '_DEVICE_TRIM_DESCRIPTOR::TrimEnabled'
C:\Program Files (x86)\Microsoft SDKs\Windows\v7.1A\include\winioctl.h(1287): warning C4820: '_STORAGE_ALLOCATE_BC_STREAM_OUTPUT': '4' bytes padding added after data member '_STORAGE_ALLOCATE_BC_STREAM_OUTPUT::NumOutStandingRequests'
C:\Program Files (x86)\Microsoft SDKs\Windows\v7.1A\include\winioctl.h(1369): warning C4820: '_STORAGE_READ_CAPACITY': '4' bytes padding added after data member '_STORAGE_READ_CAPACITY::BlockLength'
C:\Program Files (x86)\Microsoft SDKs\Windows\v7.1A\include\winioctl.h(1462): warning C4820: '_STORAGE_WRITE_CACHE_PROPERTY': '1' bytes padding added after data member '_STORAGE_WRITE_CACHE_PROPERTY::NVCacheEnabled'
C:\Program Files (x86)\Microsoft SDKs\Windows\v7.1A\include\winioctl.h(1492): warning C4820: '_PERSISTENT_RESERVE_COMMAND::<unnamed-tag>': '1' bytes padding added after data member '_PERSISTENT_RESERVE_COMMAND::<unnamed-tag>::Reserved1'
C:\Program Files (x86)\Microsoft SDKs\Windows\v7.1A\include\winioctl.h(1619): warning C4668: 'NTDDI_WIN2003' is not defined as a preprocessor macro, replacing with '0' for '#if/#elif'
C:\Program Files (x86)\Microsoft SDKs\Windows\v7.1A\include\winioctl.h(1719): warning C4668: 'NTDDK_VERSION' is not defined as a preprocessor macro, replacing with '0' for '#if/#elif'
C:\Program Files (x86)\Microsoft SDKs\Windows\v7.1A\include\winioctl.h(1868): warning C4820: '_FORMAT_EX_PARAMETERS': '2' bytes padding added after data member '_FORMAT_EX_PARAMETERS::SectorNumber'
C:\Program Files (x86)\Microsoft SDKs\Windows\v7.1A\include\winioctl.h(1908): warning C4820: '_PARTITION_INFORMATION': '4' bytes padding added after data member '_PARTITION_INFORMATION::RewritePartition'
C:\Program Files (x86)\Microsoft SDKs\Windows\v7.1A\include\winioctl.h(1939): warning C4820: '_VERIFY_INFORMATION': '4' bytes padding added after data member '_VERIFY_INFORMATION::Length'
C:\Program Files (x86)\Microsoft SDKs\Windows\v7.1A\include\winioctl.h(2025): warning C4820: '_PARTITION_INFORMATION_MBR': '1' bytes padding added after data member '_PARTITION_INFORMATION_MBR::RecognizedPartition'
C:\Program Files (x86)\Microsoft SDKs\Windows\v7.1A\include\winioctl.h(2046): warning C4820: '_SET_PARTITION_INFORMATION_EX': '4' bytes padding added after data member '_SET_PARTITION_INFORMATION_EX::PartitionStyle'
C:\Program Files (x86)\Microsoft SDKs\Windows\v7.1A\include\winioctl.h(2097): warning C4820: '_PARTITION_INFORMATION_EX': '4' bytes padding added after data member '_PARTITION_INFORMATION_EX::PartitionStyle'
C:\Program Files (x86)\Microsoft SDKs\Windows\v7.1A\include\winioctl.h(2104): warning C4820: '_PARTITION_INFORMATION_EX': '3' bytes padding added after data member '_PARTITION_INFORMATION_EX::RewritePartition'
C:\Program Files (x86)\Microsoft SDKs\Windows\v7.1A\include\winioctl.h(2117): warning C4820: '_DRIVE_LAYOUT_INFORMATION_GPT': '4' bytes padding added after data member '_DRIVE_LAYOUT_INFORMATION_GPT::MaxPartitionCount'
C:\Program Files (x86)\Microsoft SDKs\Windows\v7.1A\include\winioctl.h(2162): warning C4820: '_DISK_INT13_INFO': '2' bytes padding added after data member '_DISK_INT13_INFO::DriveSelect'
C:\Program Files (x86)\Microsoft SDKs\Windows\v7.1A\include\winioctl.h(2166): warning C4820: '_DISK_INT13_INFO': '2' bytes padding added after data member '_DISK_INT13_INFO::NumberDrives'
C:\Program Files (x86)\Microsoft SDKs\Windows\v7.1A\include\winioctl.h(2177): warning C4820: '_DISK_EX_INT13_INFO': '4' bytes padding added after data member '_DISK_EX_INT13_INFO::ExReserved'
C:\Program Files (x86)\Microsoft SDKs\Windows\v7.1A\include\winioctl.h(2232): warning C4668: 'NTDDI_WIN2003' is not defined as a preprocessor macro, replacing with '0' for '#if/#elif'
C:\Program Files (x86)\Microsoft SDKs\Windows\v7.1A\include\winioctl.h(2251): warning C4820: '_DISK_GEOMETRY_EX': '7' bytes padding added after data member '_DISK_GEOMETRY_EX::Data'
C:\Program Files (x86)\Microsoft SDKs\Windows\v7.1A\include\winioctl.h(2330): warning C4820: '_DISK_CACHE_INFORMATION': '1' bytes padding added after data member '_DISK_CACHE_INFORMATION::WriteCacheEnabled'
C:\Program Files (x86)\Microsoft SDKs\Windows\v7.1A\include\winioctl.h(2373): warning C4820: '_DISK_CACHE_INFORMATION': '1' bytes padding added after data member '_DISK_CACHE_INFORMATION::PrefetchScalar'
C:\Program Files (x86)\Microsoft SDKs\Windows\v7.1A\include\winioctl.h(2375): warning C4820: '_DISK_CACHE_INFORMATION': '2' bytes padding added after data member '<alignment member>'
C:\Program Files (x86)\Microsoft SDKs\Windows\v7.1A\include\winioctl.h(2385): warning C4820: '_DISK_GROW_PARTITION': '4' bytes padding added after data member '_DISK_GROW_PARTITION::PartitionNumber'
C:\Program Files (x86)\Microsoft SDKs\Windows\v7.1A\include\winioctl.h(2426): warning C4820: '_DISK_HISTOGRAM': '4' bytes padding added after data member '_DISK_HISTOGRAM::Histogram'
C:\Program Files (x86)\Microsoft SDKs\Windows\v7.1A\include\winioctl.h(2463): warning C4820: '_DISK_PERFORMANCE': '4' bytes padding added after data member '_DISK_PERFORMANCE::StorageManagerName'
C:\Program Files (x86)\Microsoft SDKs\Windows\v7.1A\include\winioctl.h(2479): warning C4820: '_DISK_RECORD': '6' bytes padding added after data member '_DISK_RECORD::ReadRequest'
C:\Program Files (x86)\Microsoft SDKs\Windows\v7.1A\include\winioctl.h(2488): warning C4820: '_DISK_LOGGING': '3' bytes padding added after data member '_DISK_LOGGING::Function'
C:\Program Files (x86)\Microsoft SDKs\Windows\v7.1A\include\winioctl.h(2559): warning C4820: '_BIN_COUNT': '4' bytes padding added after data member '_BIN_COUNT::BinCount'
C:\Program Files (x86)\Microsoft SDKs\Windows\v7.1A\include\winioctl.h(2567): warning C4820: '_BIN_RESULTS': '4' bytes padding added after data member '_BIN_RESULTS::NumberOfBins'
C:\Program Files (x86)\Microsoft SDKs\Windows\v7.1A\include\winioctl.h(3060): warning C4820: '_CHANGER_READ_ELEMENT_STATUS': '3' bytes padding added after data member '_CHANGER_READ_ELEMENT_STATUS::VolumeTagInfo'
C:\Program Files (x86)\Microsoft SDKs\Windows\v7.1A\include\winioctl.h(3260): warning C4820: '_CHANGER_INITIALIZE_ELEMENT_STATUS': '3' bytes padding added after data member '_CHANGER_INITIALIZE_ELEMENT_STATUS::BarCodeScan'
C:\Program Files (x86)\Microsoft SDKs\Windows\v7.1A\include\winioctl.h(3287): warning C4820: '_CHANGER_SET_POSITION': '3' bytes padding added after data member '_CHANGER_SET_POSITION::Flip'
C:\Program Files (x86)\Microsoft SDKs\Windows\v7.1A\include\winioctl.h(3326): warning C4820: '_CHANGER_EXCHANGE_MEDIUM': '2' bytes padding added after data member '_CHANGER_EXCHANGE_MEDIUM::Flip2'
C:\Program Files (x86)\Microsoft SDKs\Windows\v7.1A\include\winioctl.h(3358): warning C4820: '_CHANGER_MOVE_MEDIUM': '3' bytes padding added after data member '_CHANGER_MOVE_MEDIUM::Flip'
C:\Program Files (x86)\Microsoft SDKs\Windows\v7.1A\include\winioctl.h(3724): warning C4820: '_CSV_NAMESPACE_INFO': '4' bytes padding added after data member '_CSV_NAMESPACE_INFO::SectorSize'
C:\Program Files (x86)\Microsoft SDKs\Windows\v7.1A\include\winioctl.h(3745): warning C4820: '_PATHNAME_BUFFER': '2' bytes padding added after data member '_PATHNAME_BUFFER::Name'
C:\Program Files (x86)\Microsoft SDKs\Windows\v7.1A\include\winioctl.h(3811): warning C4820: '<unnamed-tag>': '7' bytes padding added after data member '<unnamed-tag>::Buffer'
C:\Program Files (x86)\Microsoft SDKs\Windows\v7.1A\include\winioctl.h(3828): warning C4820: 'RETRIEVAL_POINTERS_BUFFER': '4' bytes padding added after data member 'RETRIEVAL_POINTERS_BUFFER::ExtentCount'
C:\Program Files (x86)\Microsoft SDKs\Windows\v7.1A\include\winioctl.h(3854): warning C4820: '<unnamed-tag>': '3' bytes padding added after data member '<unnamed-tag>::FileRecordBuffer'
C:\Program Files (x86)\Microsoft SDKs\Windows\v7.1A\include\winioctl.h(3865): warning C4820: '<unnamed-tag>': '4' bytes padding added after data member '<unnamed-tag>::FileHandle'
C:\Program Files (x86)\Microsoft SDKs\Windows\v7.1A\include\winioctl.h(3869): warning C4820: '<unnamed-tag>': '4' bytes padding added after data member '<unnamed-tag>::ClusterCount'
C:\Program Files (x86)\Microsoft SDKs\Windows\v7.1A\include\winioctl.h(3874): warning C4820: '<unnamed-tag>': '4' bytes padding added after data member '<unnamed-tag>::FileHandle'
C:\Program Files (x86)\Microsoft SDKs\Windows\v7.1A\include\winioctl.h(3911): warning C4820: '<unnamed-tag>': '2' bytes padding added after data member '<unnamed-tag>::FileName'
C:\Program Files (x86)\Microsoft SDKs\Windows\v7.1A\include\winioctl.h(3995): warning C4820: '<unnamed-tag>': '2' bytes padding added after data member '<unnamed-tag>::FileName'
C:\Program Files (x86)\Microsoft SDKs\Windows\v7.1A\include\winioctl.h(4047): warning C4820: '<unnamed-tag>': '4' bytes padding added after data member '<unnamed-tag>::DeleteFlags'
C:\Program Files (x86)\Microsoft SDKs\Windows\v7.1A\include\winioctl.h(4171): warning C4820: '_FILE_PREFETCH_EX': '4' bytes padding added after data member '_FILE_PREFETCH_EX::Context'
C:\Program Files (x86)\Microsoft SDKs\Windows\v7.1A\include\winioctl.h(4278): warning C4820: '_NTFS_STATISTICS': '2' bytes padding added after data member '_NTFS_STATISTICS::MftWritesUserRequest'
C:\Program Files (x86)\Microsoft SDKs\Windows\v7.1A\include\winioctl.h(4291): warning C4820: '_NTFS_STATISTICS': '2' bytes padding added after data member '_NTFS_STATISTICS::Mft2WritesUserRequest'
C:\Program Files (x86)\Microsoft SDKs\Windows\v7.1A\include\winioctl.h(4327): warning C4820: '_NTFS_STATISTICS': '2' bytes padding added after data member '_NTFS_STATISTICS::MftBitmapWritesUserLevel'
C:\Program Files (x86)\Microsoft SDKs\Windows\v7.1A\include\winioctl.h(4463): warning C4820: '_ENCRYPTION_BUFFER': '3' bytes padding added after data member '_ENCRYPTION_BUFFER::Private'
C:\Program Files (x86)\Microsoft SDKs\Windows\v7.1A\include\winioctl.h(4505): warning C4820: '_REQUEST_RAW_ENCRYPTED_DATA': '4' bytes padding added after data member '_REQUEST_RAW_ENCRYPTED_DATA::Length'
C:\Program Files (x86)\Microsoft SDKs\Windows\v7.1A\include\winioctl.h(4693): warning C4820: '_SI_COPYFILE': '2' bytes padding added after data member '_SI_COPYFILE::FileNameBuffer'
C:\Program Files (x86)\Microsoft SDKs\Windows\v7.1A\include\winioctl.h(4724): warning C4820: '_FILE_QUERY_SPARING_BUFFER': '3' bytes padding added after data member '_FILE_QUERY_SPARING_BUFFER::SoftwareSparing'
C:\Program Files (x86)\Microsoft SDKs\Windows\v7.1A\include\winioctl.h(4738): warning C4820: '_FILE_QUERY_ON_DISK_VOL_INFO_BUFFER': '4' bytes padding added after data member '_FILE_QUERY_ON_DISK_VOL_INFO_BUFFER::FsFormatName'
C:\Program Files (x86)\Microsoft SDKs\Windows\v7.1A\include\winioctl.h(4772): warning C4820: '_SHRINK_VOLUME_INFORMATION': '4' bytes padding added after data member '_SHRINK_VOLUME_INFORMATION::ShrinkRequestType'
C:\Program Files (x86)\Microsoft SDKs\Windows\v7.1A\include\winioctl.h(4898): warning C4820: '_TXFS_MODIFY_RM': '6' bytes padding added after data member '_TXFS_MODIFY_RM::LoggingMode'
C:\Program Files (x86)\Microsoft SDKs\Windows\v7.1A\include\winioctl.h(4959): warning C4820: '_TXFS_QUERY_RM_INFORMATION': '4' bytes padding added after data member '_TXFS_QUERY_RM_INFORMATION::BytesRequired'
C:\Program Files (x86)\Microsoft SDKs\Windows\v7.1A\include\winioctl.h(5111): warning C4820: '_TXFS_QUERY_RM_INFORMATION': '4' bytes padding added after data member '_TXFS_QUERY_RM_INFORMATION::TmLogPathOffset'
C:\Program Files (x86)\Microsoft SDKs\Windows\v7.1A\include\winioctl.h(5130): warning C4820: '_TXFS_ROLLFORWARD_REDO_INFORMATION': '4' bytes padding added after data member '_TXFS_ROLLFORWARD_REDO_INFORMATION::Flags'
C:\Program Files (x86)\Microsoft SDKs\Windows\v7.1A\include\winioctl.h(5194): warning C4820: '_TXFS_START_RM_INFORMATION': '4' bytes padding added after data member '_TXFS_START_RM_INFORMATION::Flags'
C:\Program Files (x86)\Microsoft SDKs\Windows\v7.1A\include\winioctl.h(5265): warning C4820: '_TXFS_START_RM_INFORMATION': '2' bytes padding added after data member '_TXFS_START_RM_INFORMATION::LogPath'
C:\Program Files (x86)\Microsoft SDKs\Windows\v7.1A\include\winioctl.h(5301): warning C4820: '_TXFS_GET_METADATA_INFO_OUT': '4' bytes padding added after data member '_TXFS_GET_METADATA_INFO_OUT::TransactionState'
C:\Program Files (x86)\Microsoft SDKs\Windows\v7.1A\include\winioctl.h(5340): warning C4820: '_TXFS_LIST_TRANSACTION_LOCKED_FILES_ENTRY': '4' bytes padding added after data member '_TXFS_LIST_TRANSACTION_LOCKED_FILES_ENTRY::NameFlags'
C:\Program Files (x86)\Microsoft SDKs\Windows\v7.1A\include\winioctl.h(5355): warning C4820: '_TXFS_LIST_TRANSACTION_LOCKED_FILES_ENTRY': '6' bytes padding added after data member '_TXFS_LIST_TRANSACTION_LOCKED_FILES_ENTRY::FileName'
C:\Program Files (x86)\Microsoft SDKs\Windows\v7.1A\include\winioctl.h(5411): warning C4820: '_TXFS_LIST_TRANSACTIONS_ENTRY': '4' bytes padding added after data member '_TXFS_LIST_TRANSACTIONS_ENTRY::Reserved2'
C:\Program Files (x86)\Microsoft SDKs\Windows\v7.1A\include\winioctl.h(5522): warning C4820: '_TXFS_GET_TRANSACTED_VERSION': '2' bytes padding added after data member '_TXFS_GET_TRANSACTED_VERSION::LatestMiniVersion'
C:\Program Files (x86)\Microsoft SDKs\Windows\v7.1A\include\winioctl.h(5609): warning C4820: '_TXFS_CREATE_MINIVERSION_INFO': '2' bytes padding added after data member '_TXFS_CREATE_MINIVERSION_INFO::MiniVersion'
C:\Program Files (x86)\Microsoft SDKs\Windows\v7.1A\include\winioctl.h(5637): warning C4820: '_BOOT_AREA_INFO': '4' bytes padding added after data member '_BOOT_AREA_INFO::BootSectorCount'
C:\Program Files (x86)\Microsoft SDKs\Windows\v7.1A\include\winioctl.h(5756): warning C4820: '_REQUEST_OPLOCK_OUTPUT_BUFFER': '2' bytes padding added after data member '_REQUEST_OPLOCK_OUTPUT_BUFFER::ShareMode'
C:\Program Files (x86)\Microsoft SDKs\Windows\v7.1A\include\winioctl.h(6020): warning C4820: '_LOOKUP_STREAM_FROM_CLUSTER_ENTRY': '6' bytes padding added after data member '_LOOKUP_STREAM_FROM_CLUSTER_ENTRY::FileName'
C:\Program Files (x86)\Microsoft SDKs\Windows\v7.1A\include\winioctl.h(6104): warning C4820: '_DISK_EXTENT': '4' bytes padding added after data member '_DISK_EXTENT::DiskNumber'
C:\Program Files (x86)\Microsoft SDKs\Windows\v7.1A\include\winioctl.h(6116): warning C4820: '_VOLUME_DISK_EXTENTS': '4' bytes padding added after data member '_VOLUME_DISK_EXTENTS::NumberOfDiskExtents'
c:\program files (x86)\microsoft sdks\windows\v7.1a\include\winsmcrd.h(284): warning C4820: '<unnamed-tag>': '1' bytes padding added after data member '<alignment member>'
C:\Program Files (x86)\Microsoft SDKs\Windows\v7.1A\include\winspool.h(707): warning C4820: '_DRIVER_INFO_6A': '4' bytes padding added after data member '_DRIVER_INFO_6A::ftDriverDate'
C:\Program Files (x86)\Microsoft SDKs\Windows\v7.1A\include\winspool.h(726): warning C4820: '_DRIVER_INFO_6W': '4' bytes padding added after data member '_DRIVER_INFO_6W::ftDriverDate'
C:\Program Files (x86)\Microsoft SDKs\Windows\v7.1A\include\winspool.h(758): warning C4820: '_DRIVER_INFO_8A': '4' bytes padding added after data member '_DRIVER_INFO_8A::ftDriverDate'
C:\Program Files (x86)\Microsoft SDKs\Windows\v7.1A\include\winspool.h(785): warning C4820: '_DRIVER_INFO_8W': '4' bytes padding added after data member '_DRIVER_INFO_8W::ftDriverDate'
C:\Program Files (x86)\Microsoft SDKs\Windows\v7.1A\include\winspool.h(892): warning C4820: '_FORM_INFO_2A': '2' bytes padding added after data member '_FORM_INFO_2A::wLangId'
C:\Program Files (x86)\Microsoft SDKs\Windows\v7.1A\include\winspool.h(904): warning C4820: '_FORM_INFO_2W': '2' bytes padding added after data member '_FORM_INFO_2W::wLangId'
C:\Program Files (x86)\Microsoft SDKs\Windows\v7.1A\include\winspool.h(3433): warning C4820: '_CORE_PRINTER_DRIVERA': '4' bytes padding added after data member '_CORE_PRINTER_DRIVERA::szPackageID'
C:\Program Files (x86)\Microsoft SDKs\Windows\v7.1A\include\winspool.h(3597): warning C4820: '<unnamed-tag>': '4' bytes padding added after data member '<unnamed-tag>::ePropertyType'
C:\Program Files (x86)\Microsoft SDKs\Windows\v7.1A\include\winspool.h(3604): warning C4820: '<unnamed-tag>': '4' bytes padding added after data member '<unnamed-tag>::propertyName'
C:\Program Files (x86)\Microsoft SDKs\Windows\v7.1A\include\objidl.h(609): warning C4668: 'NTDDI_WINLH' is not defined as a preprocessor macro, replacing with '0' for '#if/#elif'
C:\Program Files (x86)\Microsoft SDKs\Windows\v7.1A\include\objidl.h(4065): warning C4820: 'tagRemSNB': '2' bytes padding added after data member 'tagRemSNB::rgString'
C:\Program Files (x86)\Microsoft SDKs\Windows\v7.1A\include\objidl.h(4880): warning C4820: 'tagDVTARGETDEVICE': '3' bytes padding added after data member 'tagDVTARGETDEVICE::tdData'
C:\Program Files (x86)\Microsoft SDKs\Windows\v7.1A\include\objidl.h(4888): warning C4820: 'tagFORMATETC': '2' bytes padding added after data member 'tagFORMATETC::cfFormat'
C:\Program Files (x86)\Microsoft SDKs\Windows\v7.1A\include\objidl.h(5286): warning C4820: 'tagRemSTGMEDIUM': '3' bytes padding added after data member 'tagRemSTGMEDIUM::data'
C:\Program Files (x86)\Microsoft SDKs\Windows\v7.1A\include\objidl.h(6547): warning C4820: 'tagINTERFACEINFO': '2' bytes padding added after data member 'tagINTERFACEINFO::wMethod'
C:\Program Files (x86)\Microsoft SDKs\Windows\v7.1A\include\objbase.h(522): warning C4668: '_NT_TARGET_VERSION_WIN7' is not defined as a preprocessor macro, replacing with '0' for '#if/#elif'
C:\Program Files (x86)\Microsoft SDKs\Windows\v7.1A\include\objbase.h(528): warning C4668: 'DBG' is not defined as a preprocessor macro, replacing with '0' for '#if/#elif'
c:\program files (x86)\microsoft sdks\windows\v7.1a\include\oaidl.h(610): warning C4820: 'tagTYPEDESC': '2' bytes padding added after data member 'tagTYPEDESC::vt'
c:\program files (x86)\microsoft sdks\windows\v7.1a\include\oaidl.h(616): warning C4820: 'tagARRAYDESC': '2' bytes padding added after data member 'tagARRAYDESC::cDims'
c:\program files (x86)\microsoft sdks\windows\v7.1a\include\oaidl.h(622): warning C4820: 'tagPARAMDESCEX': '4' bytes padding added after data member 'tagPARAMDESCEX::cBytes'
c:\program files (x86)\microsoft sdks\windows\v7.1a\include\oaidl.h(631): warning C4820: 'tagPARAMDESC': '2' bytes padding added after data member 'tagPARAMDESC::wParamFlags'
c:\program files (x86)\microsoft sdks\windows\v7.1a\include\oaidl.h(655): warning C4820: 'tagIDLDESC': '2' bytes padding added after data member 'tagIDLDESC::wIDLFlags'
c:\program files (x86)\microsoft sdks\windows\v7.1a\include\oaidl.h(801): warning C4820: 'tagFUNCDESC': '2' bytes padding added after data member 'tagFUNCDESC::wFuncFlags'
c:\program files (x86)\microsoft sdks\windows\v7.1a\include\oaidl.h(832): warning C4820: 'tagVARDESC': '2' bytes padding added after data member 'tagVARDESC::wVarFlags'
c:\program files (x86)\microsoft sdks\windows\v7.1a\include\oaidl.h(3540): warning C4820: 'tagTLIBATTR': '2' bytes padding added after data member 'tagTLIBATTR::wLibFlags'
C:\Program Files (x86)\Microsoft SDKs\Windows\v7.1A\include\propidl.h(528): warning C4820: 'tagSTATPROPSTG': '2' bytes padding added after data member 'tagSTATPROPSTG::vt'
C:\Program Files (x86)\Microsoft SDKs\Windows\v7.1A\include\propidl.h(1226): warning C4820: 'tagSERIALIZEDPROPERTYVALUE': '3' bytes padding added after data member 'tagSERIALIZEDPROPERTYVALUE::rgb'
C:\Program Files (x86)\Microsoft SDKs\Windows\v7.1A\include\oleauto.h(1052): warning C4820: 'tagPARAMDATA': '2' bytes padding added after data member 'tagPARAMDATA::vt'
C:\Program Files (x86)\Microsoft SDKs\Windows\v7.1A\include\winsvc.h(572): warning C4820: '_SERVICE_PREFERRED_NODE_INFO': '1' bytes padding added after data member '_SERVICE_PREFERRED_NODE_INFO::fDelete'
C:\Program Files (x86)\Microsoft SDKs\Windows\v7.1A\include\mcx.h(43): warning C4820: '_MODEMDEVCAPS': '3' bytes padding added after data member '_MODEMDEVCAPS::abVariablePortion'
C:\Program Files (x86)\Microsoft SDKs\Windows\v7.1A\include\mcx.h(64): warning C4820: '_MODEMSETTINGS': '3' bytes padding added after data member '_MODEMSETTINGS::abVariablePortion'
C:\Program Files (x86)\Windows Kits\10\Include\10.0.10240.0\ucrt\time.h(35): warning C4820: '_timespec64': '4' bytes padding added after data member '_timespec64::tv_nsec'
C:\Program Files (x86)\Windows Kits\10\Include\10.0.10240.0\ucrt\time.h(42): warning C4820: 'timespec': '4' bytes padding added after data member 'timespec::tv_nsec'
bysiid7syus.cpp(153): warning C4552: '<': operator has no effect; expected operator with side-effect
bysiid7syus.cpp(163): warning C4552: '<': operator has no effect; expected operator with side-effect
bysiid7syus.cpp(168): warning C4552: '<': operator has no effect; expected operator with side-effect
bysiid7syus.cpp(178): warning C4100: 'lpParam': unreferenced formal parameter
bysiid7syus.cpp(188): warning C4100: 'lpParam': unreferenced formal parameter
bysiid7syus.cpp(199): warning C4100: 'lpvd': unreferenced formal parameter
bysiid7syus.cpp(231): warning C4305: 'initializing': truncation from 'double' to 'float'
bysiid7syus.cpp(246): warning C4554: '^': check operator precedence for possible error; use parentheses to clarify precedence
bysiid7syus.cpp(205): warning C4100: 'lpvd': unreferenced formal parameter
bysiid7syus.cpp(278): warning C4244: '=': conversion from 'double' to 'int', possible loss of data
bysiid7syus.cpp(269): warning C4100: 'lpParam': unreferenced formal parameter
bysiid7syus.cpp(287): warning C4100: 'lpvd': unreferenced formal parameter
bysiid7syus.cpp(342): warning C4100: 'lpParam': unreferenced formal parameter
bysiid7syus.cpp(347): warning C4189: 'signY1': local variable is initialized but not referenced
bysiid7syus.cpp(343): warning C4189: 'h': local variable is initialized but not referenced
bysiid7syus.cpp(343): warning C4189: 'w': local variable is initialized but not referenced
bysiid7syus.cpp(346): warning C4189: 'signX1': local variable is initialized but not referenced
bysiid7syus.cpp(437): warning C4244: 'initializing': conversion from 'INT' to 'FLOAT', possible loss of data
bysiid7syus.cpp(400): warning C4100: 'lpvd': unreferenced formal parameter
bysiid7syus.cpp(455): warning C4100: 'lpvd': unreferenced formal parameter
bysiid7syus.cpp(526): warning C4365: 'argument': conversion from 'int' to 'DWORD', signed/unsigned mismatch
bysiid7syus.cpp(528): warning C4365: 'argument': conversion from 'std::size_t' to 'int', signed/unsigned mismatch
bysiid7syus.cpp(530): warning C4365: 'argument': conversion from 'std::size_t' to 'int', signed/unsigned mismatch
bysiid7syus.cpp(513): warning C4100: 'lpvd': unreferenced formal parameter
bysiid7syus.cpp(543): warning C4244: 'initializing': conversion from 'double' to 'int', possible loss of data
bysiid7syus.cpp(544): warning C4244: 'argument': conversion from 'float' to 'int', possible loss of data
bysiid7syus.cpp(545): warning C4244: 'argument': conversion from 'float' to 'int', possible loss of data
bysiid7syus.cpp(536): warning C4100: 'lpParam': unreferenced formal parameter
bysiid7syus.cpp(698): warning C4191: 'type cast': unsafe conversion from 'FARPROC' to 'NRHEdef'
          Calling this function through the result pointer may cause your program to fail
bysiid7syus.cpp(699): warning C4191: 'type cast': unsafe conversion from 'FARPROC' to 'RAPdef'
          Calling this function through the result pointer may cause your program to fail
bysiid7syus.cpp(702): warning C4245: 'argument': conversion from 'int' to 'DWORD', signed/unsigned mismatch
bysiid7syus.cpp(641): warning C4100: 'nCmdShow': unreferenced formal parameter
bysiid7syus.cpp(640): warning C4100: 'lpCmdLine': unreferenced formal parameter
bysiid7syus.cpp(639): warning C4100: 'hPrevInstance': unreferenced formal parameter
bysiid7syus.cpp(639): warning C4100: 'hInstance': unreferenced formal parameter
bysiid7syus.cpp(671): warning C4189: 'thread3dot1': local variable is initialized but not referenced
bysiid7syus.cpp(684): warning C4189: 'thread5dot1': local variable is initialized but not referenced
bysiid7syus.cpp(706): warning C4710: 'std::exception_ptr std::exception_ptr::_Current_exception(void) throw()': function not inlined
  C:\Program Files (x86)\Microsoft Visual Studio 14.0\VC\include\exception(300): note: see declaration of 'std::exception_ptr::_Current_exception'
bysiid7syus.cpp(706): warning C4710: 'std::exception_ptr std::current_exception(void) noexcept': function not inlined
  C:\Program Files (x86)\Microsoft Visual Studio 14.0\VC\include\exception(359): note: see declaration of 'std::current_exception'
bysiid7syus.cpp(706): warning C4710: 'std::string std::locale::name(void) const': function not inlined
  C:\Program Files (x86)\Microsoft Visual Studio 14.0\VC\include\xlocale(447): note: see declaration of 'std::locale::name'
bysiid7syus.cpp(706): warning C4710: 'std::string std::error_code::message(void) const': function not inlined
  C:\Program Files (x86)\Microsoft Visual Studio 14.0\VC\include\system_error(278): note: see declaration of 'std::error_code::message'
bysiid7syus.cpp(706): warning C4710: 'std::string std::_System_error::_Makestr(std::error_code,std::string)': function not inlined
  C:\Program Files (x86)\Microsoft Visual Studio 14.0\VC\include\system_error(512): note: see declaration of 'std::_System_error::_Makestr'
bysiid7syus.cpp(706): warning C4710: 'std::string std::_Generic_error_category::message(int) const': function not inlined
  C:\Program Files (x86)\Microsoft Visual Studio 14.0\VC\include\system_error(604): note: see declaration of 'std::_Generic_error_category::message'
bysiid7syus.cpp(706): warning C4710: 'std::string std::_Iostream_error_category::message(int) const': function not inlined
  C:\Program Files (x86)\Microsoft Visual Studio 14.0\VC\include\system_error(625): note: see declaration of 'std::_Iostream_error_category::message'
bysiid7syus.cpp(706): warning C4710: 'std::string std::_System_error_category::message(int) const': function not inlined
  C:\Program Files (x86)\Microsoft Visual Studio 14.0\VC\include\system_error(649): note: see declaration of 'std::_System_error_category::message'
  Generating code
d:\repos\bysiid7syus\bysiid7syus\bysiid7syus.cpp(177): warning C4715: 'Hue': not all control paths return a value
d:\repos\bysiid7syus\bysiid7syus\bysiid7syus.cpp(525): warning C4711: function 'unsigned long __cdecl Hue(int)' selected for automatic inline expansion
d:\repos\bysiid7syus\bysiid7syus\bysiid7syus.cpp(359): warning C4711: function 'unsigned long __cdecl Hue(int)' selected for automatic inline expansion
d:\repos\bysiid7syus\bysiid7syus\bysiid7syus.cpp(362): warning C4711: function 'unsigned long __cdecl Hue(int)' selected for automatic inline expansion
d:\repos\bysiid7syus\bysiid7syus\bysiid7syus.cpp(365): warning C4711: function 'unsigned long __cdecl Hue(int)' selected for automatic inline expansion
d:\repos\bysiid7syus\bysiid7syus\bysiid7syus.cpp(439): warning C5045: Compiler will insert Spectre mitigation for memory load if /Qspectre switch specified
  d:\repos\bysiid7syus\bysiid7syus\bysiid7syus.cpp(431) : note: index 'w' range checked by comparison on this line
  d:\repos\bysiid7syus\bysiid7syus\bysiid7syus.cpp(441) : note: feeds memory load on this line
d:\repos\bysiid7syus\bysiid7syus\bysiid7syus.cpp(248): warning C5045: Compiler will insert Spectre mitigation for memory load if /Qspectre switch specified
  d:\repos\bysiid7syus\bysiid7syus\bysiid7syus.cpp(240) : note: index 'screenWidth' range checked by comparison on this line
  d:\repos\bysiid7syus\bysiid7syus\bysiid7syus.cpp(250) : note: feeds memory load on this line
d:\repos\bysiid7syus\bysiid7syus\bysiid7syus.cpp(326): warning C5045: Compiler will insert Spectre mitigation for memory load if /Qspectre switch specified
  d:\repos\bysiid7syus\bysiid7syus\bysiid7syus.cpp(318) : note: index 'w' range checked by comparison on this line
  d:\repos\bysiid7syus\bysiid7syus\bysiid7syus.cpp(328) : note: feeds memory load on this line
d:\repos\bysiid7syus\bysiid7syus\bysiid7syus.cpp(495): warning C5045: Compiler will insert Spectre mitigation for memory load if /Qspectre switch specified
  d:\repos\bysiid7syus\bysiid7syus\bysiid7syus.cpp(487) : note: index 'screenWidth' range checked by comparison on this line
  d:\repos\bysiid7syus\bysiid7syus\bysiid7syus.cpp(497) : note: feeds memory load on this line
  All 23 functions were compiled because no usable IPDB/IOBJ from previous compilation was found.
  Finished generating code
  bysiid7syus.vcxproj -> D:\Repos\bysiid7syus\Release\bysiid7syus.exe
  bysiid7syus.vcxproj -> D:\Repos\bysiid7syus\Release\bysiid7syus.pdb (Full PDB)
